[2012-12-10 14:52:58] [ERROR] connect fail.
[2012-12-10 14:57:41] [USER_SHUTTLE] USER REQUEST START
[2012-12-10 15:00:01] [USER_SHUTTLE] USER REQUEST START
[2012-12-10 15:00:01] [USER_SHUTTLE] Comple User Add
[2012-12-10 15:00:01] [USER_SHUTTLE] USER REQUEST END:
[2012-12-10 15:00:49] [ERROR] connect fail.
[2012-12-10 15:06:33] [USER_SHUTTLE] USER REQUEST START
[2012-12-10 15:06:33] [USER_SHUTTLE] Comple User Add
[2012-12-10 15:06:33] [USER_SHUTTLE] USER REQUEST END:
[2012-12-10 15:06:39] [USER_SHUTTLE] USER REQUEST START
[2012-12-10 15:06:39] [USER_SHUTTLE] Comple User Add
[2012-12-10 15:06:39] [USER_SHUTTLE] USER REQUEST END:
[2012-12-10 15:06:40] [USER_SHUTTLE] USER REQUEST START
[2012-12-10 15:06:40] [USER_SHUTTLE] Comple User Add
[2012-12-10 15:06:40] [USER_SHUTTLE] USER REQUEST END:
[2012-12-10 15:06:41] [USER_SHUTTLE] USER REQUEST START
[2012-12-10 15:06:41] [USER_SHUTTLE] Comple User Add
[2012-12-10 15:06:41] [USER_SHUTTLE] USER REQUEST END:
[2012-12-10 15:06:42] [USER_SHUTTLE] USER REQUEST START
[2012-12-10 15:06:42] [USER_SHUTTLE] Comple User Add
[2012-12-10 15:06:42] [USER_SHUTTLE] USER REQUEST END:
[2012-12-10 15:13:20] [USER_SHUTTLE] USER REQUEST START
[2012-12-10 15:13:20] [USER_SHUTTLE] Comple User Add
[2012-12-10 15:13:20] [USER_SHUTTLE] USER REQUEST END:
[2012-12-10 15:13:24] [USER_SHUTTLE] USER REQUEST START
[2012-12-10 15:13:24] [USER_SHUTTLE] Comple User Add
[2012-12-10 15:13:24] [USER_SHUTTLE] USER REQUEST END:
[2012-12-10 15:21:49] [USER_SHUTTLE] USER REQUEST START
[2012-12-10 15:21:50] [USER_SHUTTLE] Comple User Add
[2012-12-10 15:21:50] [USER_SHUTTLE] USER REQUEST END:
[2012-12-10 15:21:51] [USER_SHUTTLE] USER REQUEST START
[2012-12-10 15:21:51] [USER_SHUTTLE] Comple User Add
[2012-12-10 15:21:51] [USER_SHUTTLE] USER REQUEST END:
[2012-12-10 15:21:53] [USER_SHUTTLE] USER REQUEST START
[2012-12-10 15:21:53] [USER_SHUTTLE] Comple User Add
[2012-12-10 15:21:53] [USER_SHUTTLE] USER REQUEST END:
[2012-12-10 15:25:09] [USER_SHUTTLE] USER REQUEST START
[2012-12-10 15:25:10] [USER_SHUTTLE] Comple User Add
[2012-12-10 15:25:10] [USER_SHUTTLE] USER REQUEST END:
[2012-12-10 15:25:13] [USER_SHUTTLE] USER REQUEST START
[2012-12-10 15:25:13] [USER_SHUTTLE] Comple User Add
[2012-12-10 15:25:13] [USER_SHUTTLE] USER REQUEST END:
[2012-12-10 15:27:49] [USER_SHUTTLE] USER REQUEST START
[2012-12-10 15:27:49] [USER_SHUTTLE] Comple User Add
[2012-12-10 15:27:49] [USER_SHUTTLE] USER REQUEST END:
[2012-12-10 15:27:50] [USER_SHUTTLE] USER REQUEST START
[2012-12-10 15:27:51] [USER_SHUTTLE] Comple User Add
[2012-12-10 15:27:51] [USER_SHUTTLE] USER REQUEST END:
[2012-12-10 15:27:55] [USER_SHUTTLE] USER REQUEST START
[2012-12-10 15:27:55] [USER_SHUTTLE] Comple User Add
[2012-12-10 15:27:55] [USER_SHUTTLE] USER REQUEST END:
[2012-12-10 15:28:01] [USER_SHUTTLE] USER REQUEST START
[2012-12-10 15:28:01] [USER_SHUTTLE] Comple User Add
[2012-12-10 15:28:01] [USER_SHUTTLE] USER REQUEST END:
[2012-12-10 15:28:46] [USER_SHUTTLE] USER REQUEST START
[2012-12-10 15:28:46] [USER_SHUTTLE] Comple User Add
[2012-12-10 15:28:46] [USER_SHUTTLE] USER REQUEST END:
[2012-12-10 15:28:47] [USER_SHUTTLE] USER REQUEST START
[2012-12-10 15:28:47] [USER_SHUTTLE] This host is already enrolled.

[2012-12-10 15:28:52] [USER_SHUTTLE] USER REQUEST START
[2012-12-10 15:28:52] [USER_SHUTTLE] This host is already enrolled.

[2012-12-10 15:30:50] [USER_SHUTTLE] USER REQUEST START
[2012-12-10 15:30:50] [USER_SHUTTLE] Comple User Add
[2012-12-10 15:30:50] [USER_SHUTTLE] USER REQUEST END:
[2012-12-10 15:30:52] [USER_SHUTTLE] USER REQUEST START
[2012-12-10 15:30:52] [USER_SHUTTLE] This host is already enrolled.

[2012-12-10 15:30:53] [USER_SHUTTLE] USER REQUEST START
[2012-12-10 15:30:53] [USER_SHUTTLE] This host is already enrolled.

[2012-12-10 15:31:04] [USER_SHUTTLE] USER REQUEST START
[2012-12-10 15:31:05] [USER_SHUTTLE] This host is already enrolled.

[2012-12-10 15:31:27] [USER_SHUTTLE] USER REQUEST START
[2012-12-10 15:31:27] [USER_SHUTTLE] This host is already enrolled.

[2012-12-10 15:31:28] [USER_SHUTTLE] USER REQUEST START
[2012-12-10 15:31:28] [USER_SHUTTLE] This host is already enrolled.

[2012-12-10 15:31:56] [USER_SHUTTLE] USER REQUEST START
[2012-12-10 15:31:56] [USER_SHUTTLE] This host is already enrolled.

[2012-12-10 15:31:57] [USER_SHUTTLE] USER REQUEST START
[2012-12-10 15:31:57] [USER_SHUTTLE] This host is already enrolled.

[2012-12-10 15:31:58] [USER_SHUTTLE] USER REQUEST START
[2012-12-10 15:31:58] [USER_SHUTTLE] This host is already enrolled.

[2012-12-10 15:31:59] [USER_SHUTTLE] USER REQUEST START
[2012-12-10 15:31:59] [USER_SHUTTLE] This host is already enrolled.

[2012-12-10 15:31:59] [USER_SHUTTLE] USER REQUEST START
[2012-12-10 15:31:59] [USER_SHUTTLE] This host is already enrolled.

[2012-12-10 15:32:00] [USER_SHUTTLE] USER REQUEST START
[2012-12-10 15:32:00] [USER_SHUTTLE] This host is already enrolled.

[2012-12-10 15:32:25] [USER_SHUTTLE] USER REQUEST START
[2012-12-10 15:32:25] [USER_SHUTTLE] Comple User Add
[2012-12-10 15:32:25] [USER_SHUTTLE] USER REQUEST END:
[2012-12-10 15:32:26] [USER_SHUTTLE] USER REQUEST START
[2012-12-10 15:32:26] [USER_SHUTTLE] This host is already enrolled.

[2012-12-10 15:36:18] [USER_SHUTTLE] USER REQUEST START
[2012-12-10 15:36:19] [USER_SHUTTLE] Comple User Add
[2012-12-10 15:36:19] [USER_SHUTTLE] USER REQUEST END:
[2012-12-10 22:41:21] [USER_SHUTTLE] USER REQUEST START
[2012-12-10 22:41:21] [USER_SHUTTLE] Comple User Add
[2012-12-10 22:41:21] [USER_SHUTTLE] USER REQUEST END:
[2012-12-11 00:35:15] [ERROR] connect fail.
[2012-12-11 00:35:32] [USER_SHUTTLE] USER REQUEST START
[2012-12-11 00:35:32] [USER_SHUTTLE] Comple User Add
[2012-12-11 00:35:32] [USER_SHUTTLE] USER REQUEST END:
[2012-12-11 03:05:10] [USER_SHUTTLE] USER REQUEST START
[2012-12-11 03:05:10] [USER_SHUTTLE] This host is already enrolled.

[2012-12-11 03:05:32] [USER_SHUTTLE] USER REQUEST START
[2012-12-11 03:05:32] [USER_SHUTTLE] This host is already enrolled.

[2012-12-11 07:19:16] [USER_SHUTTLE] USER REQUEST START
[2012-12-11 07:19:16] [USER_SHUTTLE] This host is already enrolled.

[2012-12-11 19:16:39] [USER_SHUTTLE] USER REQUEST START
[2012-12-11 19:16:44] [USER_SHUTTLE] USER REQUEST START
[2012-12-11 19:16:45] [USER_SHUTTLE] USER REQUEST START
[2012-12-11 19:26:00] [USER_SHUTTLE] USER REQUEST START
[2012-12-11 19:26:00] [USER_SHUTTLE] This host is already enrolled.

[2012-12-13 03:18:54] [ERROR] connect fail.
[2012-12-13 03:29:51] [USER_SHUTTLE] USER REQUEST START
[2012-12-13 03:29:51] [USER_SHUTTLE] This host is already enrolled.
[2012-12-13 03:29:51] [USER_SHUTTLE] USER REQUEST END
[2012-12-13 03:31:59] [USER_SHUTTLE] USER REQUEST START
[2012-12-13 03:31:59] [USER_SHUTTLE] This host is already enrolled.
[2012-12-13 03:31:59] [USER_SHUTTLE] USER REQUEST END
[2012-12-13 03:33:52] [USER_SHUTTLE] USER REQUEST START
[2012-12-13 03:33:52] [USER_SHUTTLE] This host is already enrolled.
[2012-12-13 03:33:52] [USER_SHUTTLE] USER REQUEST END
[2012-12-13 03:34:42] [USER_SHUTTLE] USER REQUEST START
[2012-12-13 03:34:42] [USER_SHUTTLE] This host is already enrolled.
[2012-12-13 03:34:42] [USER_SHUTTLE] USER REQUEST END
[2012-12-13 22:54:08] [USER_SHUTTLE] USER REQUEST START
[2012-12-13 22:54:08] [USER_SHUTTLE] Complete to add user.
[2012-12-13 22:54:08] [USER_SHUTTLE] USER REQUEST END
[2012-12-13 23:23:18] [USER_SHUTTLE] USER REQUEST START
[2012-12-13 23:23:18] [USER_SHUTTLE] This host is already enrolled.
[2012-12-13 23:23:18] [USER_SHUTTLE] USER REQUEST END
[2012-12-13 23:34:42] [USER_SHUTTLE] USER REQUEST START
[2012-12-13 23:34:42] [USER_SHUTTLE] Complete to add user.
[2012-12-13 23:34:42] [USER_SHUTTLE] USER REQUEST END
[2012-12-14 07:40:15] [USER_SHUTTLE] USER REQUEST START
[2012-12-14 07:40:15] [USER_SHUTTLE] Complete to add user.
[2012-12-14 07:40:15] [USER_SHUTTLE] USER REQUEST END
[2012-12-14 07:40:45] [USER_SHUTTLE] USER REQUEST START
[2012-12-14 07:40:45] [USER_SHUTTLE] Complete to add user.
[2012-12-14 07:40:45] [USER_SHUTTLE] USER REQUEST END
